# JRE version: Java(TM) SE Runtime Environment (8.0_40-b26) (build 1.8.0_40-b26)
# Java VM: Java HotSpot(TM) 64-Bit Server VM (25.40-b25 mixed mode windows-amd64 compressed oops)
Heap:
 PSYoungGen      total 38400K, used 1184K [0x00000000d5600000, 0x00000000d8080000, 0x0000000100000000)
  eden space 33280K, 0% used [0x00000000d5600000,0x00000000d5600000,0x00000000d7680000)
  from space 5120K, 23% used [0x00000000d7680000,0x00000000d77a8000,0x00000000d7b80000)
  to   space 5120K, 0% used [0x00000000d7b80000,0x00000000d7b80000,0x00000000d8080000)
 ParOldGen       total 48640K, used 8338K [0x0000000080200000, 0x0000000083180000, 0x00000000d5600000)
  object space 48640K, 17% used [0x0000000080200000,0x0000000080a24b00,0x0000000083180000)
 Metaspace       used 21772K, capacity 22682K, committed 22704K, reserved 1073152K
  class space    used 3025K, capacity 3237K, committed 3248K, reserved 1048576K
GC Heap History (9 events):
Event: 3.505 GC heap before
{Heap before GC invocations=1 (full 0):
 PSYoungGen      total 38400K, used 33280K [0x00000000d5600000, 0x00000000d8080000, 0x0000000100000000)
  eden space 33280K, 100% used [0x00000000d5600000,0x00000000d7680000,0x00000000d7680000)
  from space 5120K, 0% used [0x00000000d7b80000,0x00000000d7b80000,0x00000000d8080000)
  to   space 5120K, 0% used [0x00000000d7680000,0x00000000d7680000,0x00000000d7b80000)
 ParOldGen       total 87552K, used 0K [0x0000000080200000, 0x0000000085780000, 0x00000000d5600000)
  object space 87552K, 0% used [0x0000000080200000,0x0000000080200000,0x0000000085780000)
 Metaspace       used 13633K, capacity 14018K, committed 14080K, reserved 1060864K
  class space    used 1623K, capacity 1731K, committed 1792K, reserved 1048576K
Event: 3.510 GC heap after
Heap after GC invocations=1 (full 0):
 PSYoungGen      total 38400K, used 5113K [0x00000000d5600000, 0x00000000d8080000, 0x0000000100000000)
  eden space 33280K, 0% used [0x00000000d5600000,0x00000000d5600000,0x00000000d7680000)
  from space 5120K, 99% used [0x00000000d7680000,0x00000000d7b7e470,0x00000000d7b80000)
  to   space 5120K, 0% used [0x00000000d7b80000,0x00000000d7b80000,0x00000000d8080000)
 ParOldGen       total 87552K, used 1168K [0x0000000080200000, 0x0000000085780000, 0x00000000d5600000)
  object space 87552K, 1% used [0x0000000080200000,0x0000000080324358,0x0000000085780000)
 Metaspace       used 13633K, capacity 14018K, committed 14080K, reserved 1060864K
  class space    used 1623K, capacity 1731K, committed 1792K, reserved 1048576K
}
Event: 8.776 GC heap before
{Heap before GC invocations=2 (full 0):
 PSYoungGen      total 38400K, used 27804K [0x00000000d5600000, 0x00000000d8080000, 0x0000000100000000)
  eden space 33280K, 68% used [0x00000000d5600000,0x00000000d6c28b90,0x00000000d7680000)
  from space 5120K, 99% used [0x00000000d7680000,0x00000000d7b7e470,0x00000000d7b80000)
  to   space 5120K, 0% used [0x00000000d7b80000,0x00000000d7b80000,0x00000000d8080000)
 ParOldGen       total 87552K, used 1168K [0x0000000080200000, 0x0000000085780000, 0x00000000d5600000)
  object space 87552K, 1% used [0x0000000080200000,0x0000000080324358,0x0000000085780000)
 Metaspace       used 20411K, capacity 21270K, committed 21296K, reserved 1067008K
  class space    used 2903K, capacity 3113K, committed 3120K, reserved 1048576K
Event: 8.783 GC heap after
Heap after GC invocations=2 (full 0):
 PSYoungGen      total 38400K, used 5088K [0x00000000d5600000, 0x00000000d8080000, 0x0000000100000000)
  eden space 33280K, 0% used [0x00000000d5600000,0x00000000d5600000,0x00000000d7680000)
  from space 5120K, 99% used [0x00000000d7b80000,0x00000000d80782a0,0x00000000d8080000)
  to   space 5120K, 0% used [0x00000000d7680000,0x00000000d7680000,0x00000000d7b80000)
 ParOldGen       total 87552K, used 6677K [0x0000000080200000, 0x0000000085780000, 0x00000000d5600000)
  object space 87552K, 7% used [0x0000000080200000,0x0000000080885748,0x0000000085780000)
 Metaspace       used 20411K, capacity 21270K, committed 21296K, reserved 1067008K
  class space    used 2903K, capacity 3113K, committed 3120K, reserved 1048576K
}
Event: 8.783 GC heap before
{Heap before GC invocations=3 (full 1):
 PSYoungGen      total 38400K, used 5088K [0x00000000d5600000, 0x00000000d8080000, 0x0000000100000000)
  eden space 33280K, 0% used [0x00000000d5600000,0x00000000d5600000,0x00000000d7680000)
  from space 5120K, 99% used [0x00000000d7b80000,0x00000000d80782a0,0x00000000d8080000)
  to   space 5120K, 0% used [0x00000000d7680000,0x00000000d7680000,0x00000000d7b80000)
 ParOldGen       total 87552K, used 6677K [0x0000000080200000, 0x0000000085780000, 0x00000000d5600000)
  object space 87552K, 7% used [0x0000000080200000,0x0000000080885748,0x0000000085780000)
 Metaspace       used 20411K, capacity 21270K, committed 21296K, reserved 1067008K
  class space    used 2903K, capacity 3113K, committed 3120K, reserved 1048576K
Event: 8.809 GC heap after
Heap after GC invocations=3 (full 1):
 PSYoungGen      total 38400K, used 0K [0x00000000d5600000, 0x00000000d8080000, 0x0000000100000000)
  eden space 33280K, 0% used [0x00000000d5600000,0x00000000d5600000,0x00000000d7680000)
  from space 5120K, 0% used [0x00000000d7b80000,0x00000000d7b80000,0x00000000d8080000)
  to   space 5120K, 0% used [0x00000000d7680000,0x00000000d7680000,0x00000000d7b80000)
 ParOldGen       total 48640K, used 8330K [0x0000000080200000, 0x0000000083180000, 0x00000000d5600000)
  object space 48640K, 17% used [0x0000000080200000,0x0000000080a22b00,0x0000000083180000)
 Metaspace       used 20411K, capacity 21270K, committed 21296K, reserved 1067008K
  class space    used 2903K, capacity 3113K, committed 3120K, reserved 1048576K
}
Event: 25.921 GC heap before
{Heap before GC invocations=4 (full 1):
 PSYoungGen      total 38400K, used 9570K [0x00000000d5600000, 0x00000000d8080000, 0x0000000100000000)
  eden space 33280K, 28% used [0x00000000d5600000,0x00000000d5f58878,0x00000000d7680000)
  from space 5120K, 0% used [0x00000000d7b80000,0x00000000d7b80000,0x00000000d8080000)
  to   space 5120K, 0% used [0x00000000d7680000,0x00000000d7680000,0x00000000d7b80000)
 ParOldGen       total 48640K, used 8330K [0x0000000080200000, 0x0000000083180000, 0x00000000d5600000)
  object space 48640K, 17% used [0x0000000080200000,0x0000000080a22b00,0x0000000083180000)
 Metaspace       used 21772K, capacity 22682K, committed 22704K, reserved 1073152K
  class space    used 3025K, capacity 3237K, committed 3248K, reserved 1048576K
Event: 25.923 GC heap after
Heap after GC invocations=4 (full 1):
 PSYoungGen      total 38400K, used 1184K [0x00000000d5600000, 0x00000000d8080000, 0x0000000100000000)
  eden space 33280K, 0% used [0x00000000d5600000,0x00000000d5600000,0x00000000d7680000)
  from space 5120K, 23% used [0x00000000d7680000,0x00000000d77a8000,0x00000000d7b80000)
  to   space 5120K, 0% used [0x00000000d7b80000,0x00000000d7b80000,0x00000000d8080000)
 ParOldGen       total 48640K, used 8338K [0x0000000080200000, 0x0000000083180000, 0x00000000d5600000)
  object space 48640K, 17% used [0x0000000080200000,0x0000000080a24b00,0x0000000083180000)
 Metaspace       used 21772K, capacity 22682K, committed 22704K, reserved 1073152K
  class space    used 3025K, capacity 3237K, committed 3248K, reserved 1048576K
}
Event: 25.923 GC heap before
{Heap before GC invocations=5 (full 2):
 PSYoungGen      total 38400K, used 1184K [0x00000000d5600000, 0x00000000d8080000, 0x0000000100000000)
  eden space 33280K, 0% used [0x00000000d5600000,0x00000000d5600000,0x00000000d7680000)
  from space 5120K, 23% used [0x00000000d7680000,0x00000000d77a8000,0x00000000d7b80000)
  to   space 5120K, 0% used [0x00000000d7b80000,0x00000000d7b80000,0x00000000d8080000)
 ParOldGen       total 48640K, used 8338K [0x0000000080200000, 0x0000000083180000, 0x00000000d5600000)
  object space 48640K, 17% used [0x0000000080200000,0x0000000080a24b00,0x0000000083180000)
 Metaspace       used 21772K, capacity 22682K, committed 22704K, reserved 1073152K
  class space    used 3025K, capacity 3237K, committed 3248K, reserved 1048576K

